2024-10-05 12:23:09,232 [Worker-8: Loading available Gradle versions] INFO  o.e.b.c.i.u.g.PublishedGradleVersions - Gradle version information cache is out-of-date. Trying to update.
2024-10-05 12:24:17,931 [Worker-14: Importing Maven projects] INFO  o.e.m.c.i.l.LifecycleMappingFactory - Using org.eclipse.m2e.jdt.JarLifecycleMapping lifecycle mapping for MavenProject: com.infy:Healthcare:0.0.1-SNAPSHOT @ C:\Users\Tariq Naseem\Desktop\Java Lex Projects\Project5_HealthCare Scheduler\Healthcare_Java\pom.xml.
2024-10-05 12:24:22,342 [Worker-14: Importing Maven projects] INFO  o.e.m.c.i.e.AbstractTransferListenerAdapter - Downloading https://repo.metasfresh.com/repository/mvn-3rdparty-all/org/apache/logging/log4j/log4j-bom/2.23.1/log4j-bom-2.23.1.pom
2024-10-05 12:24:22,967 [Worker-14: Importing Maven projects] INFO  o.e.m.c.i.e.AbstractTransferListenerAdapter - Downloaded https://repo.metasfresh.com/repository/mvn-3rdparty-all/org/apache/logging/log4j/log4j-bom/2.23.1/log4j-bom-2.23.1.pom
2024-10-05 12:24:23,322 [Worker-14: Importing Maven projects] INFO  o.e.m.c.i.e.AbstractTransferListenerAdapter - Downloading https://repo.metasfresh.com/repository/mvn-3rdparty-all/org/apache/logging/logging-parent/10.6.0/logging-parent-10.6.0.pom
2024-10-05 12:24:24,354 [Worker-14: Importing Maven projects] INFO  o.e.m.c.i.e.AbstractTransferListenerAdapter - Downloaded https://repo.metasfresh.com/repository/mvn-3rdparty-all/org/apache/logging/logging-parent/10.6.0/logging-parent-10.6.0.pom
2024-10-05 12:24:25,795 [Worker-14: Importing Maven projects] INFO  o.e.m.c.i.e.AbstractTransferListenerAdapter - Downloading https://repo.metasfresh.com/repository/mvn-3rdparty-all/org/junit/jupiter/junit-jupiter-api/5.10.0/junit-jupiter-api-5.10.0.pom
2024-10-05 12:24:26,618 [Worker-14: Importing Maven projects] INFO  o.e.m.c.i.e.AbstractTransferListenerAdapter - Downloaded https://repo.metasfresh.com/repository/mvn-3rdparty-all/org/junit/jupiter/junit-jupiter-api/5.10.0/junit-jupiter-api-5.10.0.pom
2024-10-05 12:24:27,005 [Worker-14: Importing Maven projects] INFO  o.e.m.c.i.e.AbstractTransferListenerAdapter - Downloading https://repo.metasfresh.com/repository/mvn-3rdparty-all/org/opentest4j/opentest4j/1.3.0/opentest4j-1.3.0.pom
2024-10-05 12:24:27,821 [Worker-14: Importing Maven projects] INFO  o.e.m.c.i.e.AbstractTransferListenerAdapter - Downloaded https://repo.metasfresh.com/repository/mvn-3rdparty-all/org/opentest4j/opentest4j/1.3.0/opentest4j-1.3.0.pom
2024-10-05 12:24:28,211 [Worker-14: Importing Maven projects] INFO  o.e.m.c.i.e.AbstractTransferListenerAdapter - Downloading https://repo.metasfresh.com/repository/mvn-3rdparty-all/org/junit/platform/junit-platform-commons/1.10.0/junit-platform-commons-1.10.0.pom
2024-10-05 12:24:29,275 [Worker-14: Importing Maven projects] INFO  o.e.m.c.i.e.AbstractTransferListenerAdapter - Downloaded https://repo.metasfresh.com/repository/mvn-3rdparty-all/org/junit/platform/junit-platform-commons/1.10.0/junit-platform-commons-1.10.0.pom
2024-10-05 12:24:29,677 [Worker-14: Importing Maven projects] INFO  o.e.m.c.i.e.AbstractTransferListenerAdapter - Downloading https://repo.metasfresh.com/repository/mvn-3rdparty-all/org/apiguardian/apiguardian-api/1.1.2/apiguardian-api-1.1.2.pom
2024-10-05 12:24:30,270 [Worker-14: Importing Maven projects] INFO  o.e.m.c.i.e.AbstractTransferListenerAdapter - Downloaded https://repo.metasfresh.com/repository/mvn-3rdparty-all/org/apiguardian/apiguardian-api/1.1.2/apiguardian-api-1.1.2.pom
2024-10-05 12:24:31,203 [Worker-14: Importing Maven projects] INFO  o.e.m.c.i.e.AbstractTransferListenerAdapter - Downloading https://repo.metasfresh.com/repository/mvn-3rdparty-all/org/apache/commons/commons-lang3/3.9/commons-lang3-3.9.jar
2024-10-05 12:24:44,199 [Worker-14: Importing Maven projects] INFO  o.e.m.c.i.e.AbstractTransferListenerAdapter - Downloaded https://repo.metasfresh.com/repository/mvn-3rdparty-all/org/apache/commons/commons-lang3/3.9/commons-lang3-3.9.jar
2024-10-05 12:24:44,575 [BasicRepositoryConnector-repo.metasfresh.com-0-2] INFO  o.e.m.c.i.e.AbstractTransferListenerAdapter - Downloading https://repo.metasfresh.com/repository/mvn-3rdparty-all/org/junit/platform/junit-platform-commons/1.10.0/junit-platform-commons-1.10.0.jar
2024-10-05 12:24:44,959 [BasicRepositoryConnector-repo.metasfresh.com-0-2] INFO  o.e.m.c.i.e.AbstractTransferListenerAdapter - Downloaded https://repo.metasfresh.com/repository/mvn-3rdparty-all/org/junit/platform/junit-platform-commons/1.10.0/junit-platform-commons-1.10.0.jar
2024-10-05 12:24:45,231 [BasicRepositoryConnector-repo.metasfresh.com-0-3] INFO  o.e.m.c.i.e.AbstractTransferListenerAdapter - Downloading https://repo.metasfresh.com/repository/mvn-3rdparty-all/org/apiguardian/apiguardian-api/1.1.2/apiguardian-api-1.1.2.jar
2024-10-05 12:24:46,225 [BasicRepositoryConnector-repo.metasfresh.com-0-4] INFO  o.e.m.c.i.e.AbstractTransferListenerAdapter - Downloading https://repo.metasfresh.com/repository/mvn-3rdparty-all/com/google/code/gson/gson/2.8.5/gson-2.8.5.jar
2024-10-05 12:24:46,259 [BasicRepositoryConnector-repo.metasfresh.com-0-0] INFO  o.e.m.c.i.e.AbstractTransferListenerAdapter - Downloading https://repo.metasfresh.com/repository/mvn-3rdparty-all/org/junit/jupiter/junit-jupiter-api/5.10.0/junit-jupiter-api-5.10.0.jar
2024-10-05 12:24:46,435 [BasicRepositoryConnector-repo.metasfresh.com-0-3] INFO  o.e.m.c.i.e.AbstractTransferListenerAdapter - Downloaded https://repo.metasfresh.com/repository/mvn-3rdparty-all/org/apiguardian/apiguardian-api/1.1.2/apiguardian-api-1.1.2.jar
2024-10-05 12:24:48,307 [BasicRepositoryConnector-repo.metasfresh.com-0-1] INFO  o.e.m.c.i.e.AbstractTransferListenerAdapter - Downloading https://repo.metasfresh.com/repository/mvn-3rdparty-all/org/opentest4j/opentest4j/1.3.0/opentest4j-1.3.0.jar
2024-10-05 12:24:48,838 [BasicRepositoryConnector-repo.metasfresh.com-0-0] INFO  o.e.m.c.i.e.AbstractTransferListenerAdapter - Downloaded https://repo.metasfresh.com/repository/mvn-3rdparty-all/org/junit/jupiter/junit-jupiter-api/5.10.0/junit-jupiter-api-5.10.0.jar
2024-10-05 12:24:48,897 [BasicRepositoryConnector-repo.metasfresh.com-0-1] INFO  o.e.m.c.i.e.AbstractTransferListenerAdapter - Downloaded https://repo.metasfresh.com/repository/mvn-3rdparty-all/org/opentest4j/opentest4j/1.3.0/opentest4j-1.3.0.jar
2024-10-05 12:24:49,889 [BasicRepositoryConnector-repo.metasfresh.com-0-4] INFO  o.e.m.c.i.e.AbstractTransferListenerAdapter - Downloaded https://repo.metasfresh.com/repository/mvn-3rdparty-all/com/google/code/gson/gson/2.8.5/gson-2.8.5.jar
2024-10-05 12:24:51,457 [Worker-14: Importing Maven projects] INFO  o.e.m.j.i.AbstractJavaProjectConfigurator - Adding source folder /Healthcare_Java/src/main/java
2024-10-05 12:24:51,464 [Worker-14: Importing Maven projects] INFO  o.e.m.j.i.AbstractJavaProjectConfigurator - Adding resource folder /Healthcare_Java/src/main/resources
2024-10-05 12:24:51,466 [Worker-14: Importing Maven projects] INFO  o.e.m.j.i.AbstractJavaProjectConfigurator - Adding source folder /Healthcare_Java/src/test/java
2024-10-05 12:24:51,470 [Worker-14: Importing Maven projects] INFO  o.e.m.j.i.AbstractJavaProjectConfigurator - Adding resource folder /Healthcare_Java/src/test/resources
2024-10-05 12:24:51,914 [Worker-14: Importing Maven projects] INFO  o.e.m.c.i.p.ProjectConfigurationManager - Imported and configured 1 project(s) in 46 sec
2024-10-05 12:24:54,970 [Worker-13: Building] WARN  o.a.m.s.f.DefaultMavenResourcesFiltering - Using platform encoding (UTF-8 actually) to copy filtered resources, i.e. build is platform dependent!
2024-10-05 12:24:54,976 [Worker-13: Building] INFO  o.a.m.s.f.DefaultMavenResourcesFiltering - Copying 2 resources from src\main\resources to target\classes
2024-10-05 12:24:54,998 [Worker-13: Building] WARN  o.a.m.s.f.DefaultMavenResourcesFiltering - Using platform encoding (UTF-8 actually) to copy filtered resources, i.e. build is platform dependent!
2024-10-05 12:24:54,999 [Worker-13: Building] INFO  o.a.m.s.f.DefaultMavenResourcesFiltering - skip non existing resourceDirectory C:\Users\Tariq Naseem\Desktop\Java Lex Projects\Project5_HealthCare Scheduler\Healthcare_Java\src\test\resources
2024-10-05 12:25:01,283 [Worker-23: Download sources and javadoc] INFO  o.e.m.c.i.e.AbstractTransferListenerAdapter - Downloaded https://repo.metasfresh.com/repository/mvn-3rdparty-all/org/apache/commons/commons-lang3/3.9/commons-lang3-3.9-sources.jar
2024-10-05 12:25:01,747 [Worker-23: Download sources and javadoc] INFO  o.e.m.c.i.e.AbstractTransferListenerAdapter - Downloading https://repo.maven.apache.org/maven2/org/apache/commons/commons-lang3/3.9/commons-lang3-3.9-sources.jar
2024-10-05 12:25:04,348 [Worker-23: Download sources and javadoc] INFO  o.e.m.c.i.e.AbstractTransferListenerAdapter - Downloaded https://repo.maven.apache.org/maven2/org/apache/commons/commons-lang3/3.9/commons-lang3-3.9-sources.jar
2024-10-05 12:25:04,358 [Worker-23: Download sources and javadoc] INFO  o.e.m.j.internal.DownloadSourcesJob - Downloaded sources for org.apache.commons:commons-lang3:3.9
2024-10-05 12:25:14,837 [Worker-23: Download sources and javadoc] INFO  o.e.m.c.i.e.AbstractTransferListenerAdapter - Downloading https://repo.metasfresh.com/repository/mvn-3rdparty-all/org/junit/jupiter/junit-jupiter-api/5.10.0/junit-jupiter-api-5.10.0-sources.jar
2024-10-05 12:25:22,997 [Worker-23: Download sources and javadoc] INFO  o.e.m.c.i.e.AbstractTransferListenerAdapter - Downloaded https://repo.metasfresh.com/repository/mvn-3rdparty-all/org/junit/jupiter/junit-jupiter-api/5.10.0/junit-jupiter-api-5.10.0-sources.jar
2024-10-05 12:25:23,007 [Worker-23: Download sources and javadoc] INFO  o.e.m.j.internal.DownloadSourcesJob - Downloaded sources for org.junit.jupiter:junit-jupiter-api:5.10.0
2024-10-05 12:25:26,971 [Worker-23: Download sources and javadoc] INFO  o.e.m.c.i.e.AbstractTransferListenerAdapter - Downloading https://repo.metasfresh.com/repository/mvn-3rdparty-all/org/opentest4j/opentest4j/1.3.0/opentest4j-1.3.0-sources.jar
2024-10-05 12:25:28,833 [Worker-23: Download sources and javadoc] INFO  o.e.m.c.i.e.AbstractTransferListenerAdapter - Downloaded https://repo.metasfresh.com/repository/mvn-3rdparty-all/org/opentest4j/opentest4j/1.3.0/opentest4j-1.3.0-sources.jar
2024-10-05 12:25:28,849 [Worker-23: Download sources and javadoc] INFO  o.e.m.j.internal.DownloadSourcesJob - Downloaded sources for org.opentest4j:opentest4j:1.3.0
2024-10-05 12:25:41,565 [Worker-23: Download sources and javadoc] INFO  o.e.m.c.i.e.AbstractTransferListenerAdapter - Downloading https://repo.metasfresh.com/repository/mvn-3rdparty-all/org/junit/platform/junit-platform-commons/1.10.0/junit-platform-commons-1.10.0-sources.jar
2024-10-05 12:25:47,634 [Worker-23: Download sources and javadoc] INFO  o.e.m.c.i.e.AbstractTransferListenerAdapter - Downloaded https://repo.metasfresh.com/repository/mvn-3rdparty-all/org/junit/platform/junit-platform-commons/1.10.0/junit-platform-commons-1.10.0-sources.jar
2024-10-05 12:25:47,640 [Worker-23: Download sources and javadoc] INFO  o.e.m.j.internal.DownloadSourcesJob - Downloaded sources for org.junit.platform:junit-platform-commons:1.10.0
2024-10-05 12:25:53,146 [Worker-23: Download sources and javadoc] INFO  o.e.m.c.i.e.AbstractTransferListenerAdapter - Downloading https://repo.metasfresh.com/repository/mvn-3rdparty-all/org/apiguardian/apiguardian-api/1.1.2/apiguardian-api-1.1.2-sources.jar
2024-10-05 12:25:53,748 [Worker-23: Download sources and javadoc] INFO  o.e.m.c.i.e.AbstractTransferListenerAdapter - Downloaded https://repo.metasfresh.com/repository/mvn-3rdparty-all/org/apiguardian/apiguardian-api/1.1.2/apiguardian-api-1.1.2-sources.jar
2024-10-05 12:25:53,765 [Worker-23: Download sources and javadoc] INFO  o.e.m.j.internal.DownloadSourcesJob - Downloaded sources for org.apiguardian:apiguardian-api:1.1.2
2024-10-05 12:25:56,338 [Worker-23: Download sources and javadoc] INFO  o.e.m.c.i.e.AbstractTransferListenerAdapter - Downloading https://repo.metasfresh.com/repository/mvn-3rdparty-all/com/google/code/gson/gson/2.8.5/gson-2.8.5-sources.jar
2024-10-05 12:25:59,925 [Worker-23: Download sources and javadoc] INFO  o.e.m.c.i.e.AbstractTransferListenerAdapter - Downloaded https://repo.metasfresh.com/repository/mvn-3rdparty-all/com/google/code/gson/gson/2.8.5/gson-2.8.5-sources.jar
2024-10-05 12:25:59,937 [Worker-23: Download sources and javadoc] INFO  o.e.m.j.internal.DownloadSourcesJob - Downloaded sources for com.google.code.gson:gson:2.8.5
2024-10-05 12:27:02,610 [Worker-17: Building] WARN  o.a.m.s.f.DefaultMavenResourcesFiltering - Using platform encoding (UTF-8 actually) to copy filtered resources, i.e. build is platform dependent!
2024-10-05 12:27:02,614 [Worker-17: Building] INFO  o.a.m.s.f.DefaultMavenResourcesFiltering - Copying 2 resources from src\main\resources to target\classes
2024-10-05 12:27:02,620 [Worker-17: Building] WARN  o.a.m.s.f.DefaultMavenResourcesFiltering - Using platform encoding (UTF-8 actually) to copy filtered resources, i.e. build is platform dependent!
2024-10-05 12:27:02,622 [Worker-17: Building] INFO  o.a.m.s.f.DefaultMavenResourcesFiltering - skip non existing resourceDirectory C:\Users\Tariq Naseem\Desktop\Java Lex Projects\Project5_HealthCare Scheduler\Healthcare_Java\src\test\resources
2024-10-05 12:27:12,111 [Worker-3: Building] WARN  o.a.m.s.f.DefaultMavenResourcesFiltering - Using platform encoding (UTF-8 actually) to copy filtered resources, i.e. build is platform dependent!
2024-10-05 12:27:12,115 [Worker-3: Building] INFO  o.a.m.s.f.DefaultMavenResourcesFiltering - Copying 2 resources from src\main\resources to target\classes
2024-10-05 12:27:12,125 [Worker-3: Building] WARN  o.a.m.s.f.DefaultMavenResourcesFiltering - Using platform encoding (UTF-8 actually) to copy filtered resources, i.e. build is platform dependent!
2024-10-05 12:27:12,128 [Worker-3: Building] INFO  o.a.m.s.f.DefaultMavenResourcesFiltering - skip non existing resourceDirectory C:\Users\Tariq Naseem\Desktop\Java Lex Projects\Project5_HealthCare Scheduler\Healthcare_Java\src\test\resources
2024-10-05 12:27:21,948 [Worker-20: Building] WARN  o.a.m.s.f.DefaultMavenResourcesFiltering - Using platform encoding (UTF-8 actually) to copy filtered resources, i.e. build is platform dependent!
2024-10-05 12:27:21,954 [Worker-20: Building] INFO  o.a.m.s.f.DefaultMavenResourcesFiltering - Copying 2 resources from src\main\resources to target\classes
2024-10-05 12:27:21,965 [Worker-20: Building] WARN  o.a.m.s.f.DefaultMavenResourcesFiltering - Using platform encoding (UTF-8 actually) to copy filtered resources, i.e. build is platform dependent!
2024-10-05 12:27:21,968 [Worker-20: Building] INFO  o.a.m.s.f.DefaultMavenResourcesFiltering - skip non existing resourceDirectory C:\Users\Tariq Naseem\Desktop\Java Lex Projects\Project5_HealthCare Scheduler\Healthcare_Java\src\test\resources
2024-10-05 12:27:29,742 [Worker-26: Building] WARN  o.a.m.s.f.DefaultMavenResourcesFiltering - Using platform encoding (UTF-8 actually) to copy filtered resources, i.e. build is platform dependent!
2024-10-05 12:27:29,745 [Worker-26: Building] INFO  o.a.m.s.f.DefaultMavenResourcesFiltering - Copying 2 resources from src\main\resources to target\classes
2024-10-05 12:27:29,750 [Worker-26: Building] WARN  o.a.m.s.f.DefaultMavenResourcesFiltering - Using platform encoding (UTF-8 actually) to copy filtered resources, i.e. build is platform dependent!
2024-10-05 12:27:29,751 [Worker-26: Building] INFO  o.a.m.s.f.DefaultMavenResourcesFiltering - skip non existing resourceDirectory C:\Users\Tariq Naseem\Desktop\Java Lex Projects\Project5_HealthCare Scheduler\Healthcare_Java\src\test\resources
2024-10-05 12:27:37,216 [Worker-11: Building] WARN  o.a.m.s.f.DefaultMavenResourcesFiltering - Using platform encoding (UTF-8 actually) to copy filtered resources, i.e. build is platform dependent!
2024-10-05 12:27:37,219 [Worker-11: Building] INFO  o.a.m.s.f.DefaultMavenResourcesFiltering - Copying 2 resources from src\main\resources to target\classes
2024-10-05 12:27:37,225 [Worker-11: Building] WARN  o.a.m.s.f.DefaultMavenResourcesFiltering - Using platform encoding (UTF-8 actually) to copy filtered resources, i.e. build is platform dependent!
2024-10-05 12:27:37,227 [Worker-11: Building] INFO  o.a.m.s.f.DefaultMavenResourcesFiltering - skip non existing resourceDirectory C:\Users\Tariq Naseem\Desktop\Java Lex Projects\Project5_HealthCare Scheduler\Healthcare_Java\src\test\resources
2024-10-05 12:27:44,033 [Worker-22: Building] WARN  o.a.m.s.f.DefaultMavenResourcesFiltering - Using platform encoding (UTF-8 actually) to copy filtered resources, i.e. build is platform dependent!
2024-10-05 12:27:44,035 [Worker-22: Building] INFO  o.a.m.s.f.DefaultMavenResourcesFiltering - Copying 2 resources from src\main\resources to target\classes
2024-10-05 12:27:44,038 [Worker-22: Building] WARN  o.a.m.s.f.DefaultMavenResourcesFiltering - Using platform encoding (UTF-8 actually) to copy filtered resources, i.e. build is platform dependent!
2024-10-05 12:27:44,039 [Worker-22: Building] INFO  o.a.m.s.f.DefaultMavenResourcesFiltering - skip non existing resourceDirectory C:\Users\Tariq Naseem\Desktop\Java Lex Projects\Project5_HealthCare Scheduler\Healthcare_Java\src\test\resources
2024-10-05 12:27:52,069 [Worker-24: Building] WARN  o.a.m.s.f.DefaultMavenResourcesFiltering - Using platform encoding (UTF-8 actually) to copy filtered resources, i.e. build is platform dependent!
2024-10-05 12:27:52,072 [Worker-24: Building] INFO  o.a.m.s.f.DefaultMavenResourcesFiltering - Copying 2 resources from src\main\resources to target\classes
2024-10-05 12:27:52,076 [Worker-24: Building] WARN  o.a.m.s.f.DefaultMavenResourcesFiltering - Using platform encoding (UTF-8 actually) to copy filtered resources, i.e. build is platform dependent!
2024-10-05 12:27:52,077 [Worker-24: Building] INFO  o.a.m.s.f.DefaultMavenResourcesFiltering - skip non existing resourceDirectory C:\Users\Tariq Naseem\Desktop\Java Lex Projects\Project5_HealthCare Scheduler\Healthcare_Java\src\test\resources
2024-10-05 12:28:01,532 [Worker-13: Building] WARN  o.a.m.s.f.DefaultMavenResourcesFiltering - Using platform encoding (UTF-8 actually) to copy filtered resources, i.e. build is platform dependent!
2024-10-05 12:28:01,534 [Worker-13: Building] INFO  o.a.m.s.f.DefaultMavenResourcesFiltering - Copying 2 resources from src\main\resources to target\classes
2024-10-05 12:28:01,538 [Worker-13: Building] WARN  o.a.m.s.f.DefaultMavenResourcesFiltering - Using platform encoding (UTF-8 actually) to copy filtered resources, i.e. build is platform dependent!
2024-10-05 12:28:01,539 [Worker-13: Building] INFO  o.a.m.s.f.DefaultMavenResourcesFiltering - skip non existing resourceDirectory C:\Users\Tariq Naseem\Desktop\Java Lex Projects\Project5_HealthCare Scheduler\Healthcare_Java\src\test\resources
2024-10-05 12:28:08,181 [Worker-17: Building] WARN  o.a.m.s.f.DefaultMavenResourcesFiltering - Using platform encoding (UTF-8 actually) to copy filtered resources, i.e. build is platform dependent!
2024-10-05 12:28:08,187 [Worker-17: Building] INFO  o.a.m.s.f.DefaultMavenResourcesFiltering - Copying 2 resources from src\main\resources to target\classes
2024-10-05 12:28:08,197 [Worker-17: Building] WARN  o.a.m.s.f.DefaultMavenResourcesFiltering - Using platform encoding (UTF-8 actually) to copy filtered resources, i.e. build is platform dependent!
2024-10-05 12:28:08,200 [Worker-17: Building] INFO  o.a.m.s.f.DefaultMavenResourcesFiltering - skip non existing resourceDirectory C:\Users\Tariq Naseem\Desktop\Java Lex Projects\Project5_HealthCare Scheduler\Healthcare_Java\src\test\resources
2024-10-05 12:28:17,713 [Worker-23: Building] WARN  o.a.m.s.f.DefaultMavenResourcesFiltering - Using platform encoding (UTF-8 actually) to copy filtered resources, i.e. build is platform dependent!
2024-10-05 12:28:17,717 [Worker-23: Building] INFO  o.a.m.s.f.DefaultMavenResourcesFiltering - Copying 2 resources from src\main\resources to target\classes
2024-10-05 12:28:17,721 [Worker-23: Building] WARN  o.a.m.s.f.DefaultMavenResourcesFiltering - Using platform encoding (UTF-8 actually) to copy filtered resources, i.e. build is platform dependent!
2024-10-05 12:28:17,723 [Worker-23: Building] INFO  o.a.m.s.f.DefaultMavenResourcesFiltering - skip non existing resourceDirectory C:\Users\Tariq Naseem\Desktop\Java Lex Projects\Project5_HealthCare Scheduler\Healthcare_Java\src\test\resources
2024-10-05 12:28:26,813 [Worker-3: Building] WARN  o.a.m.s.f.DefaultMavenResourcesFiltering - Using platform encoding (UTF-8 actually) to copy filtered resources, i.e. build is platform dependent!
2024-10-05 12:28:26,820 [Worker-3: Building] INFO  o.a.m.s.f.DefaultMavenResourcesFiltering - Copying 2 resources from src\main\resources to target\classes
2024-10-05 12:28:26,830 [Worker-3: Building] WARN  o.a.m.s.f.DefaultMavenResourcesFiltering - Using platform encoding (UTF-8 actually) to copy filtered resources, i.e. build is platform dependent!
2024-10-05 12:28:26,832 [Worker-3: Building] INFO  o.a.m.s.f.DefaultMavenResourcesFiltering - skip non existing resourceDirectory C:\Users\Tariq Naseem\Desktop\Java Lex Projects\Project5_HealthCare Scheduler\Healthcare_Java\src\test\resources
2024-10-05 12:28:46,611 [Worker-8: Building] WARN  o.a.m.s.f.DefaultMavenResourcesFiltering - Using platform encoding (UTF-8 actually) to copy filtered resources, i.e. build is platform dependent!
2024-10-05 12:28:46,617 [Worker-8: Building] INFO  o.a.m.s.f.DefaultMavenResourcesFiltering - Copying 1 resource from src\main\resources to target\classes
2024-10-05 12:28:46,629 [Worker-8: Building] WARN  o.a.m.s.f.DefaultMavenResourcesFiltering - Using platform encoding (UTF-8 actually) to copy filtered resources, i.e. build is platform dependent!
2024-10-05 12:28:46,631 [Worker-8: Building] INFO  o.a.m.s.f.DefaultMavenResourcesFiltering - skip non existing resourceDirectory C:\Users\Tariq Naseem\Desktop\Java Lex Projects\Project5_HealthCare Scheduler\Healthcare_Java\src\test\resources
2024-10-05 12:29:07,444 [Worker-9: Building] WARN  o.a.m.s.f.DefaultMavenResourcesFiltering - Using platform encoding (UTF-8 actually) to copy filtered resources, i.e. build is platform dependent!
2024-10-05 12:29:07,450 [Worker-9: Building] INFO  o.a.m.s.f.DefaultMavenResourcesFiltering - Copying 1 resource from src\main\resources to target\classes
2024-10-05 12:29:07,459 [Worker-9: Building] WARN  o.a.m.s.f.DefaultMavenResourcesFiltering - Using platform encoding (UTF-8 actually) to copy filtered resources, i.e. build is platform dependent!
2024-10-05 12:29:07,461 [Worker-9: Building] INFO  o.a.m.s.f.DefaultMavenResourcesFiltering - skip non existing resourceDirectory C:\Users\Tariq Naseem\Desktop\Java Lex Projects\Project5_HealthCare Scheduler\Healthcare_Java\src\test\resources
2024-10-05 12:29:20,477 [Worker-5: Building] WARN  o.a.m.s.f.DefaultMavenResourcesFiltering - Using platform encoding (UTF-8 actually) to copy filtered resources, i.e. build is platform dependent!
2024-10-05 12:29:20,479 [Worker-5: Building] INFO  o.a.m.s.f.DefaultMavenResourcesFiltering - Copying 0 resource from src\main\resources to target\classes
2024-10-05 12:29:20,482 [Worker-5: Building] WARN  o.a.m.s.f.DefaultMavenResourcesFiltering - Using platform encoding (UTF-8 actually) to copy filtered resources, i.e. build is platform dependent!
2024-10-05 12:29:20,483 [Worker-5: Building] INFO  o.a.m.s.f.DefaultMavenResourcesFiltering - skip non existing resourceDirectory C:\Users\Tariq Naseem\Desktop\Java Lex Projects\Project5_HealthCare Scheduler\Healthcare_Java\src\test\resources
2024-10-05 12:29:30,475 [Worker-18: Building] WARN  o.a.m.s.f.DefaultMavenResourcesFiltering - Using platform encoding (UTF-8 actually) to copy filtered resources, i.e. build is platform dependent!
2024-10-05 12:29:30,481 [Worker-18: Building] INFO  o.a.m.s.f.DefaultMavenResourcesFiltering - Copying 0 resource from src\main\resources to target\classes
2024-10-05 12:29:30,487 [Worker-18: Building] WARN  o.a.m.s.f.DefaultMavenResourcesFiltering - Using platform encoding (UTF-8 actually) to copy filtered resources, i.e. build is platform dependent!
2024-10-05 12:29:30,490 [Worker-18: Building] INFO  o.a.m.s.f.DefaultMavenResourcesFiltering - skip non existing resourceDirectory C:\Users\Tariq Naseem\Desktop\Java Lex Projects\Project5_HealthCare Scheduler\Healthcare_Java\src\test\resources
2024-10-05 12:29:39,716 [Worker-2: Building] WARN  o.a.m.s.f.DefaultMavenResourcesFiltering - Using platform encoding (UTF-8 actually) to copy filtered resources, i.e. build is platform dependent!
2024-10-05 12:29:39,720 [Worker-2: Building] INFO  o.a.m.s.f.DefaultMavenResourcesFiltering - Copying 0 resource from src\main\resources to target\classes
2024-10-05 12:29:39,724 [Worker-2: Building] WARN  o.a.m.s.f.DefaultMavenResourcesFiltering - Using platform encoding (UTF-8 actually) to copy filtered resources, i.e. build is platform dependent!
2024-10-05 12:29:39,725 [Worker-2: Building] INFO  o.a.m.s.f.DefaultMavenResourcesFiltering - skip non existing resourceDirectory C:\Users\Tariq Naseem\Desktop\Java Lex Projects\Project5_HealthCare Scheduler\Healthcare_Java\src\test\resources
